{"/Users/zeynal/sites/configurator/src/3D/TVStand.ts": {"path":"/Users/zeynal/sites/configurator/src/3D/TVStand.ts","statementMap":{"0":{"start":{"line":1,"column":0},"end":{"line":1,"column":42}},"1":{"start":{"line":6,"column":2},"end":{"line":6,"column":92}},"2":{"start":{"line":8,"column":2},"end":{"line":8,"column":98}},"3":{"start":{"line":9,"column":2},"end":{"line":9,"column":38}},"4":{"start":{"line":14,"column":4},"end":{"line":14,"column":67}},"5":{"start":{"line":15,"column":4},"end":{"line":15,"column":70}},"6":{"start":{"line":16,"column":4},"end":{"line":16,"column":67}},"7":{"start":{"line":17,"column":4},"end":{"line":17,"column":38}},"8":{"start":{"line":21,"column":4},"end":{"line":21,"column":23}},"9":{"start":{"line":25,"column":4},"end":{"line":25,"column":50}},"10":{"start":{"line":29,"column":9},"end":{"line":29,"column":16}}},"fnMap":{"0":{"name":"(anonymous_0)","decl":{"start":{"line":11,"column":2},"end":{"line":11,"column":17}},"loc":{"start":{"line":11,"column":2},"end":{"line":11,"column":18}}},"1":{"name":"(anonymous_1)","decl":{"start":{"line":13,"column":2},"end":{"line":13,"column":8}},"loc":{"start":{"line":13,"column":49},"end":{"line":18,"column":3}}},"2":{"name":"(anonymous_2)","decl":{"start":{"line":20,"column":2},"end":{"line":20,"column":13}},"loc":{"start":{"line":20,"column":31},"end":{"line":22,"column":3}}},"3":{"name":"(anonymous_3)","decl":{"start":{"line":24,"column":2},"end":{"line":24,"column":11}},"loc":{"start":{"line":24,"column":87},"end":{"line":26,"column":3}}}},"branchMap":{"0":{"loc":{"start":{"line":14,"column":27},"end":{"line":14,"column":66}},"type":"cond-expr","locations":[{"start":{"line":14,"column":42},"end":{"line":14,"column":46}},{"start":{"line":14,"column":46},"end":{"line":14,"column":66}}]},"1":{"loc":{"start":{"line":14,"column":27},"end":{"line":14,"column":46}},"type":"binary-expr","locations":[{"start":{"line":14,"column":27},"end":{"line":14,"column":46}},{"start":{"line":14,"column":42},"end":{"line":14,"column":46}}]},"2":{"loc":{"start":{"line":15,"column":28},"end":{"line":15,"column":69}},"type":"cond-expr","locations":[{"start":{"line":15,"column":44},"end":{"line":15,"column":48}},{"start":{"line":15,"column":48},"end":{"line":15,"column":69}}]},"3":{"loc":{"start":{"line":15,"column":28},"end":{"line":15,"column":48}},"type":"binary-expr","locations":[{"start":{"line":15,"column":28},"end":{"line":15,"column":48}},{"start":{"line":15,"column":44},"end":{"line":15,"column":48}}]},"4":{"loc":{"start":{"line":16,"column":27},"end":{"line":16,"column":66}},"type":"cond-expr","locations":[{"start":{"line":16,"column":42},"end":{"line":16,"column":46}},{"start":{"line":16,"column":46},"end":{"line":16,"column":66}}]},"5":{"loc":{"start":{"line":16,"column":27},"end":{"line":16,"column":46}},"type":"binary-expr","locations":[{"start":{"line":16,"column":27},"end":{"line":16,"column":46}},{"start":{"line":16,"column":42},"end":{"line":16,"column":46}}]}},"s":{"0":3,"1":9,"2":9,"3":9,"4":9,"5":9,"6":9,"7":9,"8":9,"9":0,"10":3},"f":{"0":9,"1":9,"2":9,"3":0},"b":{"0":[9,0],"1":[9,9],"2":[9,0],"3":[9,9],"4":[9,0],"5":[9,9]}}
,"/Users/zeynal/sites/configurator/src/3D/Helpers/round.ts": {"path":"/Users/zeynal/sites/configurator/src/3D/Helpers/round.ts","statementMap":{"0":{"start":{"line":1,"column":21},"end":{"line":3,"column":1}},"1":{"start":{"line":2,"column":2},"end":{"line":2,"column":null}},"2":{"start":{"line":1,"column":13},"end":{"line":1,"column":21}}},"fnMap":{"0":{"name":"(anonymous_0)","decl":{"start":{"line":1,"column":21},"end":{"line":1,"column":22}},"loc":{"start":{"line":1,"column":56},"end":{"line":3,"column":1}}}},"branchMap":{"0":{"loc":{"start":{"line":1,"column":33},"end":{"line":1,"column":52}},"type":"default-arg","locations":[{"start":{"line":1,"column":51},"end":{"line":1,"column":52}}]}},"s":{"0":3,"1":21,"2":3},"f":{"0":21},"b":{"0":[21]}}
,"/Users/zeynal/sites/configurator/src/3D/Styles/Gradient.ts": {"path":"/Users/zeynal/sites/configurator/src/3D/Styles/Gradient.ts","statementMap":{"0":{"start":{"line":1,"column":0},"end":{"line":1,"column":46}},"1":{"start":{"line":2,"column":0},"end":{"line":2,"column":51}},"2":{"start":{"line":3,"column":0},"end":{"line":3,"column":41}},"3":{"start":{"line":17,"column":2},"end":{"line":17,"column":48}},"4":{"start":{"line":20,"column":4},"end":{"line":24,"column":6}},"5":{"start":{"line":28,"column":25},"end":{"line":28,"column":34}},"6":{"start":{"line":30,"column":23},"end":{"line":30,"column":27}},"7":{"start":{"line":32,"column":4},"end":{"line":32,"column":43}},"8":{"start":{"line":33,"column":4},"end":{"line":33,"column":45}},"9":{"start":{"line":34,"column":4},"end":{"line":34,"column":43}},"10":{"start":{"line":35,"column":4},"end":{"line":35,"column":47}},"11":{"start":{"line":37,"column":18},"end":{"line":37,"column":56}},"12":{"start":{"line":39,"column":20},"end":{"line":39,"column":48}},"13":{"start":{"line":40,"column":16},"end":{"line":40,"column":25}},"14":{"start":{"line":41,"column":12},"end":{"line":41,"column":13}},"15":{"start":{"line":43,"column":4},"end":{"line":67,"column":5}},"16":{"start":{"line":44,"column":24},"end":{"line":44,"column":40}},"17":{"start":{"line":45,"column":6},"end":{"line":45,"column":35}},"18":{"start":{"line":47,"column":25},"end":{"line":47,"column":26}},"19":{"start":{"line":49,"column":38},"end":{"line":49,"column":62}},"20":{"start":{"line":51,"column":6},"end":{"line":55,"column":7}},"21":{"start":{"line":52,"column":8},"end":{"line":52,"column":40}},"22":{"start":{"line":54,"column":8},"end":{"line":54,"column":48}},"23":{"start":{"line":57,"column":6},"end":{"line":61,"column":7}},"24":{"start":{"line":58,"column":26},"end":{"line":58,"column":53}},"25":{"start":{"line":59,"column":8},"end":{"line":59,"column":48}},"26":{"start":{"line":60,"column":8},"end":{"line":60,"column":14}},"27":{"start":{"line":63,"column":6},"end":{"line":63,"column":49}},"28":{"start":{"line":64,"column":6},"end":{"line":64,"column":32}},"29":{"start":{"line":66,"column":6},"end":{"line":66,"column":10}},"30":{"start":{"line":71,"column":21},"end":{"line":75,"column":6}},"31":{"start":{"line":77,"column":4},"end":{"line":77,"column":15}},"32":{"start":{"line":81,"column":9},"end":{"line":81,"column":17}}},"fnMap":{"0":{"name":"(anonymous_0)","decl":{"start":{"line":19,"column":2},"end":{"line":19,"column":null}},"loc":{"start":{"line":19,"column":2},"end":{"line":25,"column":3}}},"1":{"name":"(anonymous_1)","decl":{"start":{"line":27,"column":2},"end":{"line":27,"column":8}},"loc":{"start":{"line":27,"column":68},"end":{"line":68,"column":3}}},"2":{"name":"(anonymous_2)","decl":{"start":{"line":70,"column":10},"end":{"line":70,"column":19}},"loc":{"start":{"line":70,"column":19},"end":{"line":78,"column":3}}}},"branchMap":{"0":{"loc":{"start":{"line":49,"column":38},"end":{"line":49,"column":62}},"type":"binary-expr","locations":[{"start":{"line":49,"column":38},"end":{"line":49,"column":45}},{"start":{"line":49,"column":49},"end":{"line":49,"column":62}}]},"1":{"loc":{"start":{"line":51,"column":6},"end":{"line":55,"column":7}},"type":"if","locations":[{"start":{"line":51,"column":6},"end":{"line":55,"column":7}},{"start":{"line":53,"column":13},"end":{"line":55,"column":7}}]},"2":{"loc":{"start":{"line":57,"column":6},"end":{"line":61,"column":7}},"type":"if","locations":[{"start":{"line":57,"column":6},"end":{"line":61,"column":7}}]}},"s":{"0":3,"1":3,"2":3,"3":9,"4":9,"5":9,"6":9,"7":9,"8":9,"9":9,"10":9,"11":9,"12":9,"13":9,"14":9,"15":9,"16":21,"17":21,"18":21,"19":21,"20":21,"21":9,"22":12,"23":21,"24":9,"25":9,"26":9,"27":12,"28":12,"29":12,"30":21,"31":21,"32":3},"f":{"0":9,"1":9,"2":21},"b":{"0":[21,21],"1":[9,12],"2":[9]}}
,"/Users/zeynal/sites/configurator/src/3D/Styles/Grid.ts": {"path":"/Users/zeynal/sites/configurator/src/3D/Styles/Grid.ts","statementMap":{"0":{"start":{"line":1,"column":0},"end":{"line":1,"column":46}},"1":{"start":{"line":2,"column":0},"end":{"line":2,"column":51}},"2":{"start":{"line":17,"column":4},"end":{"line":17,"column":55}},"3":{"start":{"line":19,"column":4},"end":{"line":23,"column":6}},"4":{"start":{"line":27,"column":19},"end":{"line":27,"column":44}},"5":{"start":{"line":29,"column":29},"end":{"line":29,"column":96}},"6":{"start":{"line":31,"column":40},"end":{"line":31,"column":45}},"7":{"start":{"line":32,"column":4},"end":{"line":38,"column":7}},"8":{"start":{"line":33,"column":6},"end":{"line":33,"column":48}},"9":{"start":{"line":33,"column":41},"end":{"line":33,"column":48}},"10":{"start":{"line":35,"column":6},"end":{"line":37,"column":7}},"11":{"start":{"line":36,"column":8},"end":{"line":36,"column":45}},"12":{"start":{"line":40,"column":4},"end":{"line":47,"column":5}},"13":{"start":{"line":44,"column":6},"end":{"line":46,"column":9}},"14":{"start":{"line":45,"column":8},"end":{"line":45,"column":56}},"15":{"start":{"line":49,"column":4},"end":{"line":49,"column":18}},"16":{"start":{"line":53,"column":9},"end":{"line":53,"column":18}}},"fnMap":{"0":{"name":"(anonymous_0)","decl":{"start":{"line":16,"column":2},"end":{"line":16,"column":null}},"loc":{"start":{"line":16,"column":2},"end":{"line":24,"column":3}}},"1":{"name":"(anonymous_1)","decl":{"start":{"line":26,"column":2},"end":{"line":26,"column":8}},"loc":{"start":{"line":26,"column":68},"end":{"line":50,"column":3}}},"2":{"name":"(anonymous_2)","decl":{"start":{"line":32,"column":30},"end":{"line":32,"column":31}},"loc":{"start":{"line":32,"column":46},"end":{"line":38,"column":5}}},"3":{"name":"(anonymous_3)","decl":{"start":{"line":44,"column":30},"end":{"line":44,"column":31}},"loc":{"start":{"line":44,"column":46},"end":{"line":46,"column":7}}}},"branchMap":{"0":{"loc":{"start":{"line":33,"column":6},"end":{"line":33,"column":48}},"type":"if","locations":[{"start":{"line":33,"column":6},"end":{"line":33,"column":48}}]},"1":{"loc":{"start":{"line":35,"column":6},"end":{"line":37,"column":7}},"type":"if","locations":[{"start":{"line":35,"column":6},"end":{"line":37,"column":7}}]},"2":{"loc":{"start":{"line":40,"column":4},"end":{"line":47,"column":5}},"type":"if","locations":[{"start":{"line":40,"column":4},"end":{"line":47,"column":5}},{"start":{"line":43,"column":11},"end":{"line":47,"column":5}}]}},"s":{"0":3,"1":3,"2":9,"3":9,"4":0,"5":0,"6":0,"7":0,"8":0,"9":0,"10":0,"11":0,"12":0,"13":0,"14":0,"15":0,"16":3},"f":{"0":9,"1":0,"2":0,"3":0},"b":{"0":[0],"1":[0],"2":[0,0]}}
,"/Users/zeynal/sites/configurator/src/3D/Styles/Style.ts": {"path":"/Users/zeynal/sites/configurator/src/3D/Styles/Style.ts","statementMap":{"0":{"start":{"line":1,"column":0},"end":{"line":1,"column":null}},"1":{"start":{"line":2,"column":2},"end":{"line":2,"column":null}},"2":{"start":{"line":3,"column":2},"end":{"line":3,"column":null}}},"fnMap":{"0":{"name":"(anonymous_0)","decl":{"start":{"line":1,"column":0},"end":{"line":1,"column":12}},"loc":{"start":{"line":1,"column":19},"end":{"line":4,"column":1}}}},"branchMap":{"0":{"loc":{"start":{"line":1,"column":12},"end":{"line":1,"column":null}},"type":"binary-expr","locations":[{"start":{"line":1,"column":12},"end":{"line":1,"column":19}},{"start":{"line":1,"column":19},"end":{"line":1,"column":null}}]}},"s":{"0":3,"1":3,"2":3},"f":{"0":3},"b":{"0":[3,3]}}
,"/Users/zeynal/sites/configurator/src/utils/columnLayoutOptions.ts": {"path":"/Users/zeynal/sites/configurator/src/utils/columnLayoutOptions.ts","statementMap":{"0":{"start":{"line":2,"column":0},"end":{"line":2,"column":61}},"1":{"start":{"line":12,"column":27},"end":{"line":76,"column":1}},"2":{"start":{"line":13,"column":67},"end":{"line":13,"column":78}},"3":{"start":{"line":14,"column":2},"end":{"line":75,"column":4}},"4":{"start":{"line":78,"column":27},"end":{"line":231,"column":1}},"5":{"start":{"line":79,"column":67},"end":{"line":79,"column":78}},"6":{"start":{"line":80,"column":2},"end":{"line":230,"column":4}},"7":{"start":{"line":233,"column":27},"end":{"line":433,"column":1}},"8":{"start":{"line":234,"column":67},"end":{"line":234,"column":78}},"9":{"start":{"line":235,"column":2},"end":{"line":432,"column":4}},"10":{"start":{"line":435,"column":27},"end":{"line":690,"column":1}},"11":{"start":{"line":436,"column":67},"end":{"line":436,"column":78}},"12":{"start":{"line":437,"column":2},"end":{"line":689,"column":4}},"13":{"start":{"line":692,"column":28},"end":{"line":979,"column":1}},"14":{"start":{"line":693,"column":67},"end":{"line":693,"column":78}},"15":{"start":{"line":694,"column":2},"end":{"line":978,"column":4}},"16":{"start":{"line":981,"column":28},"end":{"line":1315,"column":1}},"17":{"start":{"line":982,"column":67},"end":{"line":982,"column":78}},"18":{"start":{"line":984,"column":2},"end":{"line":1314,"column":4}},"19":{"start":{"line":1317,"column":28},"end":{"line":1545,"column":1}},"20":{"start":{"line":1318,"column":67},"end":{"line":1318,"column":78}},"21":{"start":{"line":1319,"column":2},"end":{"line":1544,"column":4}},"22":{"start":{"line":1547,"column":29},"end":{"line":1775,"column":1}},"23":{"start":{"line":1548,"column":67},"end":{"line":1548,"column":78}},"24":{"start":{"line":1549,"column":2},"end":{"line":1774,"column":4}},"25":{"start":{"line":1777,"column":40},"end":{"line":1824,"column":1}},"26":{"start":{"line":1792,"column":18},"end":{"line":1792,"column":20}},"27":{"start":{"line":1793,"column":24},"end":{"line":1793,"column":69}},"28":{"start":{"line":1795,"column":22},"end":{"line":1795,"column":78}},"29":{"start":{"line":1797,"column":26},"end":{"line":1797,"column":57}},"30":{"start":{"line":1798,"column":26},"end":{"line":1798,"column":57}},"31":{"start":{"line":1799,"column":26},"end":{"line":1799,"column":57}},"32":{"start":{"line":1800,"column":26},"end":{"line":1800,"column":57}},"33":{"start":{"line":1801,"column":27},"end":{"line":1801,"column":59}},"34":{"start":{"line":1802,"column":27},"end":{"line":1802,"column":59}},"35":{"start":{"line":1803,"column":27},"end":{"line":1803,"column":59}},"36":{"start":{"line":1804,"column":28},"end":{"line":1804,"column":61}},"37":{"start":{"line":1806,"column":2},"end":{"line":1822,"column":3}},"38":{"start":{"line":1807,"column":4},"end":{"line":1807,"column":37}},"39":{"start":{"line":1808,"column":9},"end":{"line":1822,"column":3}},"40":{"start":{"line":1809,"column":4},"end":{"line":1809,"column":37}},"41":{"start":{"line":1810,"column":9},"end":{"line":1822,"column":3}},"42":{"start":{"line":1811,"column":4},"end":{"line":1811,"column":37}},"43":{"start":{"line":1812,"column":9},"end":{"line":1822,"column":3}},"44":{"start":{"line":1813,"column":4},"end":{"line":1813,"column":37}},"45":{"start":{"line":1814,"column":9},"end":{"line":1822,"column":3}},"46":{"start":{"line":1815,"column":4},"end":{"line":1815,"column":38}},"47":{"start":{"line":1816,"column":9},"end":{"line":1822,"column":3}},"48":{"start":{"line":1817,"column":4},"end":{"line":1817,"column":38}},"49":{"start":{"line":1818,"column":9},"end":{"line":1822,"column":3}},"50":{"start":{"line":1819,"column":4},"end":{"line":1819,"column":38}},"51":{"start":{"line":1821,"column":4},"end":{"line":1821,"column":39}},"52":{"start":{"line":1823,"column":2},"end":{"line":1823,"column":17}},"53":{"start":{"line":1777,"column":13},"end":{"line":1777,"column":40}}},"fnMap":{"0":{"name":"(anonymous_0)","decl":{"start":{"line":12,"column":27},"end":{"line":12,"column":28}},"loc":{"start":{"line":12,"column":57},"end":{"line":76,"column":1}}},"1":{"name":"(anonymous_1)","decl":{"start":{"line":78,"column":27},"end":{"line":78,"column":28}},"loc":{"start":{"line":78,"column":57},"end":{"line":231,"column":1}}},"2":{"name":"(anonymous_2)","decl":{"start":{"line":233,"column":27},"end":{"line":233,"column":28}},"loc":{"start":{"line":233,"column":57},"end":{"line":433,"column":1}}},"3":{"name":"(anonymous_3)","decl":{"start":{"line":435,"column":27},"end":{"line":435,"column":28}},"loc":{"start":{"line":435,"column":57},"end":{"line":690,"column":1}}},"4":{"name":"(anonymous_4)","decl":{"start":{"line":692,"column":28},"end":{"line":692,"column":29}},"loc":{"start":{"line":692,"column":58},"end":{"line":979,"column":1}}},"5":{"name":"(anonymous_5)","decl":{"start":{"line":981,"column":28},"end":{"line":981,"column":29}},"loc":{"start":{"line":981,"column":58},"end":{"line":1315,"column":1}}},"6":{"name":"(anonymous_6)","decl":{"start":{"line":1317,"column":28},"end":{"line":1317,"column":29}},"loc":{"start":{"line":1317,"column":58},"end":{"line":1545,"column":1}}},"7":{"name":"(anonymous_7)","decl":{"start":{"line":1547,"column":29},"end":{"line":1547,"column":30}},"loc":{"start":{"line":1547,"column":59},"end":{"line":1775,"column":1}}},"8":{"name":"(anonymous_8)","decl":{"start":{"line":1777,"column":40},"end":{"line":1777,"column":41}},"loc":{"start":{"line":1791,"column":5},"end":{"line":1824,"column":1}}}},"branchMap":{"0":{"loc":{"start":{"line":1806,"column":2},"end":{"line":1822,"column":3}},"type":"if","locations":[{"start":{"line":1806,"column":2},"end":{"line":1822,"column":3}},{"start":{"line":1808,"column":9},"end":{"line":1822,"column":3}}]},"1":{"loc":{"start":{"line":1808,"column":9},"end":{"line":1822,"column":3}},"type":"if","locations":[{"start":{"line":1808,"column":9},"end":{"line":1822,"column":3}},{"start":{"line":1810,"column":9},"end":{"line":1822,"column":3}}]},"2":{"loc":{"start":{"line":1810,"column":9},"end":{"line":1822,"column":3}},"type":"if","locations":[{"start":{"line":1810,"column":9},"end":{"line":1822,"column":3}},{"start":{"line":1812,"column":9},"end":{"line":1822,"column":3}}]},"3":{"loc":{"start":{"line":1812,"column":9},"end":{"line":1822,"column":3}},"type":"if","locations":[{"start":{"line":1812,"column":9},"end":{"line":1822,"column":3}},{"start":{"line":1814,"column":9},"end":{"line":1822,"column":3}}]},"4":{"loc":{"start":{"line":1814,"column":9},"end":{"line":1822,"column":3}},"type":"if","locations":[{"start":{"line":1814,"column":9},"end":{"line":1822,"column":3}},{"start":{"line":1816,"column":9},"end":{"line":1822,"column":3}}]},"5":{"loc":{"start":{"line":1816,"column":9},"end":{"line":1822,"column":3}},"type":"if","locations":[{"start":{"line":1816,"column":9},"end":{"line":1822,"column":3}},{"start":{"line":1818,"column":9},"end":{"line":1822,"column":3}}]},"6":{"loc":{"start":{"line":1818,"column":9},"end":{"line":1822,"column":3}},"type":"if","locations":[{"start":{"line":1818,"column":9},"end":{"line":1822,"column":3}},{"start":{"line":1820,"column":9},"end":{"line":1822,"column":3}}]}},"s":{"0":3,"1":3,"2":0,"3":0,"4":3,"5":0,"6":0,"7":3,"8":0,"9":0,"10":3,"11":0,"12":0,"13":3,"14":0,"15":0,"16":3,"17":0,"18":0,"19":3,"20":0,"21":0,"22":3,"23":0,"24":0,"25":3,"26":0,"27":0,"28":0,"29":0,"30":0,"31":0,"32":0,"33":0,"34":0,"35":0,"36":0,"37":0,"38":0,"39":0,"40":0,"41":0,"42":0,"43":0,"44":0,"45":0,"46":0,"47":0,"48":0,"49":0,"50":0,"51":0,"52":0,"53":3},"f":{"0":0,"1":0,"2":0,"3":0,"4":0,"5":0,"6":0,"7":0,"8":0},"b":{"0":[0,0],"1":[0,0],"2":[0,0],"3":[0,0],"4":[0,0],"5":[0,0],"6":[0,0]}}
,"/Users/zeynal/sites/configurator/src/utils/utilities.ts": {"path":"/Users/zeynal/sites/configurator/src/utils/utilities.ts","statementMap":{"0":{"start":{"line":251,"column":0},"end":{"line":251,"column":16}},"1":{"start":{"line":257,"column":0},"end":{"line":257,"column":16}},"2":{"start":{"line":266,"column":0},"end":{"line":266,"column":16}},"3":{"start":{"line":286,"column":0},"end":{"line":286,"column":16}},"4":{"start":{"line":293,"column":0},"end":{"line":293,"column":16}},"5":{"start":{"line":299,"column":0},"end":{"line":299,"column":16}},"6":{"start":{"line":303,"column":0},"end":{"line":303,"column":16}},"7":{"start":{"line":470,"column":0},"end":{"line":470,"column":16}},"8":{"start":{"line":477,"column":0},"end":{"line":477,"column":16}},"9":{"start":{"line":2,"column":0},"end":{"line":2,"column":31}},"10":{"start":{"line":4,"column":0},"end":{"line":4,"column":65}},"11":{"start":{"line":8,"column":13},"end":{"line":8,"column":36}},"12":{"start":{"line":9,"column":13},"end":{"line":14,"column":2}},"13":{"start":{"line":15,"column":13},"end":{"line":15,"column":31}},"14":{"start":{"line":16,"column":13},"end":{"line":16,"column":30}},"15":{"start":{"line":17,"column":13},"end":{"line":17,"column":30}},"16":{"start":{"line":18,"column":13},"end":{"line":18,"column":30}},"17":{"start":{"line":21,"column":13},"end":{"line":21,"column":35}},"18":{"start":{"line":22,"column":13},"end":{"line":22,"column":36}},"19":{"start":{"line":23,"column":13},"end":{"line":23,"column":43}},"20":{"start":{"line":24,"column":13},"end":{"line":24,"column":47}},"21":{"start":{"line":27,"column":25},"end":{"line":27,"column":44}},"22":{"start":{"line":28,"column":13},"end":{"line":28,"column":68}},"23":{"start":{"line":29,"column":24},"end":{"line":29,"column":65}},"24":{"start":{"line":30,"column":25},"end":{"line":30,"column":62}},"25":{"start":{"line":31,"column":29},"end":{"line":31,"column":70}},"26":{"start":{"line":32,"column":32},"end":{"line":32,"column":72}},"27":{"start":{"line":34,"column":13},"end":{"line":38,"column":2}},"28":{"start":{"line":41,"column":21},"end":{"line":41,"column":50}},"29":{"start":{"line":42,"column":24},"end":{"line":42,"column":62}},"30":{"start":{"line":43,"column":28},"end":{"line":43,"column":55}},"31":{"start":{"line":44,"column":31},"end":{"line":44,"column":61}},"32":{"start":{"line":46,"column":13},"end":{"line":50,"column":2}},"33":{"start":{"line":53,"column":0},"end":{"line":53,"column":null}},"34":{"start":{"line":54,"column":2},"end":{"line":54,"column":null}},"35":{"start":{"line":56,"column":2},"end":{"line":56,"column":null}},"36":{"start":{"line":57,"column":2},"end":{"line":57,"column":null}},"37":{"start":{"line":58,"column":2},"end":{"line":58,"column":null}},"38":{"start":{"line":59,"column":2},"end":{"line":59,"column":null}},"39":{"start":{"line":60,"column":2},"end":{"line":60,"column":null}},"40":{"start":{"line":61,"column":2},"end":{"line":61,"column":null}},"41":{"start":{"line":62,"column":2},"end":{"line":62,"column":null}},"42":{"start":{"line":63,"column":2},"end":{"line":63,"column":null}},"43":{"start":{"line":64,"column":2},"end":{"line":64,"column":null}},"44":{"start":{"line":65,"column":2},"end":{"line":65,"column":null}},"45":{"start":{"line":66,"column":2},"end":{"line":66,"column":null}},"46":{"start":{"line":70,"column":0},"end":{"line":70,"column":null}},"47":{"start":{"line":71,"column":2},"end":{"line":71,"column":null}},"48":{"start":{"line":72,"column":2},"end":{"line":72,"column":null}},"49":{"start":{"line":73,"column":2},"end":{"line":73,"column":null}},"50":{"start":{"line":74,"column":2},"end":{"line":74,"column":null}},"51":{"start":{"line":75,"column":2},"end":{"line":75,"column":null}},"52":{"start":{"line":76,"column":2},"end":{"line":76,"column":null}},"53":{"start":{"line":77,"column":2},"end":{"line":77,"column":null}},"54":{"start":{"line":78,"column":2},"end":{"line":78,"column":null}},"55":{"start":{"line":79,"column":2},"end":{"line":79,"column":null}},"56":{"start":{"line":80,"column":2},"end":{"line":80,"column":null}},"57":{"start":{"line":81,"column":2},"end":{"line":81,"column":null}},"58":{"start":{"line":82,"column":2},"end":{"line":82,"column":null}},"59":{"start":{"line":83,"column":2},"end":{"line":83,"column":null}},"60":{"start":{"line":84,"column":2},"end":{"line":84,"column":null}},"61":{"start":{"line":85,"column":2},"end":{"line":85,"column":null}},"62":{"start":{"line":86,"column":2},"end":{"line":86,"column":null}},"63":{"start":{"line":90,"column":13},"end":{"line":90,"column":88}},"64":{"start":{"line":91,"column":13},"end":{"line":91,"column":84}},"65":{"start":{"line":92,"column":13},"end":{"line":92,"column":76}},"66":{"start":{"line":94,"column":0},"end":{"line":94,"column":null}},"67":{"start":{"line":95,"column":2},"end":{"line":95,"column":null}},"68":{"start":{"line":96,"column":2},"end":{"line":96,"column":null}},"69":{"start":{"line":97,"column":2},"end":{"line":97,"column":null}},"70":{"start":{"line":101,"column":27},"end":{"line":101,"column":59}},"71":{"start":{"line":103,"column":13},"end":{"line":120,"column":2}},"72":{"start":{"line":122,"column":13},"end":{"line":145,"column":2}},"73":{"start":{"line":147,"column":28},"end":{"line":150,"column":1}},"74":{"start":{"line":148,"column":25},"end":{"line":148,"column":64}},"75":{"start":{"line":149,"column":2},"end":{"line":149,"column":86}},"76":{"start":{"line":149,"column":53},"end":{"line":149,"column":84}},"77":{"start":{"line":153,"column":22},"end":{"line":153,"column":48}},"78":{"start":{"line":154,"column":22},"end":{"line":154,"column":48}},"79":{"start":{"line":155,"column":22},"end":{"line":155,"column":48}},"80":{"start":{"line":156,"column":22},"end":{"line":156,"column":48}},"81":{"start":{"line":157,"column":23},"end":{"line":157,"column":50}},"82":{"start":{"line":158,"column":23},"end":{"line":158,"column":50}},"83":{"start":{"line":159,"column":23},"end":{"line":159,"column":50}},"84":{"start":{"line":160,"column":23},"end":{"line":160,"column":50}},"85":{"start":{"line":163,"column":23},"end":{"line":163,"column":40}},"86":{"start":{"line":165,"column":13},"end":{"line":165,"column":68}},"87":{"start":{"line":166,"column":13},"end":{"line":166,"column":64}},"88":{"start":{"line":167,"column":13},"end":{"line":167,"column":64}},"89":{"start":{"line":168,"column":13},"end":{"line":168,"column":57}},"90":{"start":{"line":169,"column":13},"end":{"line":169,"column":62}},"91":{"start":{"line":170,"column":13},"end":{"line":170,"column":53}},"92":{"start":{"line":173,"column":0},"end":{"line":173,"column":null}},"93":{"start":{"line":174,"column":2},"end":{"line":174,"column":null}},"94":{"start":{"line":175,"column":2},"end":{"line":175,"column":null}},"95":{"start":{"line":176,"column":2},"end":{"line":176,"column":null}},"96":{"start":{"line":177,"column":2},"end":{"line":177,"column":null}},"97":{"start":{"line":178,"column":2},"end":{"line":178,"column":null}},"98":{"start":{"line":179,"column":2},"end":{"line":179,"column":null}},"99":{"start":{"line":180,"column":2},"end":{"line":180,"column":null}},"100":{"start":{"line":181,"column":2},"end":{"line":181,"column":null}},"101":{"start":{"line":184,"column":0},"end":{"line":184,"column":null}},"102":{"start":{"line":185,"column":2},"end":{"line":185,"column":null}},"103":{"start":{"line":186,"column":2},"end":{"line":186,"column":null}},"104":{"start":{"line":187,"column":2},"end":{"line":187,"column":null}},"105":{"start":{"line":190,"column":0},"end":{"line":190,"column":null}},"106":{"start":{"line":191,"column":2},"end":{"line":191,"column":null}},"107":{"start":{"line":192,"column":2},"end":{"line":192,"column":null}},"108":{"start":{"line":193,"column":2},"end":{"line":193,"column":null}},"109":{"start":{"line":196,"column":0},"end":{"line":196,"column":null}},"110":{"start":{"line":197,"column":2},"end":{"line":197,"column":null}},"111":{"start":{"line":198,"column":2},"end":{"line":198,"column":null}},"112":{"start":{"line":204,"column":29},"end":{"line":235,"column":1}},"113":{"start":{"line":205,"column":29},"end":{"line":205,"column":31}},"114":{"start":{"line":206,"column":15},"end":{"line":206,"column":18}},"115":{"start":{"line":207,"column":2},"end":{"line":233,"column":3}},"116":{"start":{"line":209,"column":6},"end":{"line":229,"column":7}},"117":{"start":{"line":210,"column":8},"end":{"line":210,"column":63}},"118":{"start":{"line":211,"column":13},"end":{"line":229,"column":7}},"119":{"start":{"line":212,"column":8},"end":{"line":212,"column":82}},"120":{"start":{"line":213,"column":13},"end":{"line":229,"column":7}},"121":{"start":{"line":214,"column":8},"end":{"line":214,"column":26}},"122":{"start":{"line":215,"column":13},"end":{"line":229,"column":7}},"123":{"start":{"line":216,"column":8},"end":{"line":216,"column":30}},"124":{"start":{"line":217,"column":13},"end":{"line":229,"column":7}},"125":{"start":{"line":218,"column":8},"end":{"line":218,"column":34}},"126":{"start":{"line":219,"column":13},"end":{"line":229,"column":7}},"127":{"start":{"line":220,"column":8},"end":{"line":220,"column":38}},"128":{"start":{"line":221,"column":13},"end":{"line":229,"column":7}},"129":{"start":{"line":222,"column":8},"end":{"line":222,"column":42}},"130":{"start":{"line":223,"column":13},"end":{"line":229,"column":7}},"131":{"start":{"line":224,"column":8},"end":{"line":224,"column":46}},"132":{"start":{"line":225,"column":13},"end":{"line":229,"column":7}},"133":{"start":{"line":226,"column":8},"end":{"line":226,"column":50}},"134":{"start":{"line":228,"column":8},"end":{"line":228,"column":54}},"135":{"start":{"line":230,"column":6},"end":{"line":230,"column":12}},"136":{"start":{"line":232,"column":6},"end":{"line":232,"column":12}},"137":{"start":{"line":234,"column":2},"end":{"line":234,"column":20}},"138":{"start":{"line":204,"column":13},"end":{"line":204,"column":29}},"139":{"start":{"line":238,"column":39},"end":{"line":248,"column":1}},"140":{"start":{"line":239,"column":24},"end":{"line":239,"column":26}},"141":{"start":{"line":240,"column":23},"end":{"line":240,"column":53}},"142":{"start":{"line":241,"column":2},"end":{"line":246,"column":3}},"143":{"start":{"line":241,"column":15},"end":{"line":241,"column":16}},"144":{"start":{"line":242,"column":4},"end":{"line":245,"column":7}},"145":{"start":{"line":247,"column":2},"end":{"line":247,"column":23}},"146":{"start":{"line":238,"column":13},"end":{"line":238,"column":39}},"147":{"start":{"line":253,"column":2},"end":{"line":253,"column":60}},"148":{"start":{"line":259,"column":20},"end":{"line":259,"column":39}},"149":{"start":{"line":262,"column":2},"end":{"line":262,"column":91}},"150":{"start":{"line":268,"column":19},"end":{"line":268,"column":37}},"151":{"start":{"line":271,"column":26},"end":{"line":271,"column":103}},"152":{"start":{"line":274,"column":14},"end":{"line":274,"column":66}},"153":{"start":{"line":277,"column":22},"end":{"line":277,"column":69}},"154":{"start":{"line":279,"column":2},"end":{"line":282,"column":4}},"155":{"start":{"line":288,"column":21},"end":{"line":288,"column":82}},"156":{"start":{"line":289,"column":2},"end":{"line":289,"column":20}},"157":{"start":{"line":295,"column":20},"end":{"line":295,"column":84}},"158":{"start":{"line":296,"column":2},"end":{"line":296,"column":19}},"159":{"start":{"line":300,"column":2},"end":{"line":300,"column":58}},"160":{"start":{"line":304,"column":34},"end":{"line":304,"column":36}},"161":{"start":{"line":305,"column":36},"end":{"line":305,"column":38}},"162":{"start":{"line":306,"column":40},"end":{"line":306,"column":42}},"163":{"start":{"line":307,"column":34},"end":{"line":307,"column":36}},"164":{"start":{"line":309,"column":22},"end":{"line":309,"column":67}},"165":{"start":{"line":311,"column":15},"end":{"line":311,"column":44}},"166":{"start":{"line":313,"column":20},"end":{"line":313,"column":55}},"167":{"start":{"line":314,"column":21},"end":{"line":314,"column":52}},"168":{"start":{"line":316,"column":2},"end":{"line":328,"column":5}},"169":{"start":{"line":329,"column":2},"end":{"line":407,"column":3}},"170":{"start":{"line":329,"column":17},"end":{"line":329,"column":18}},"171":{"start":{"line":330,"column":19},"end":{"line":330,"column":31}},"172":{"start":{"line":331,"column":17},"end":{"line":331,"column":28}},"173":{"start":{"line":332,"column":14},"end":{"line":332,"column":15}},"174":{"start":{"line":333,"column":4},"end":{"line":335,"column":5}},"175":{"start":{"line":333,"column":17},"end":{"line":333,"column":18}},"176":{"start":{"line":334,"column":6},"end":{"line":334,"column":30}},"177":{"start":{"line":336,"column":17},"end":{"line":336,"column":62}},"178":{"start":{"line":337,"column":22},"end":{"line":337,"column":67}},"179":{"start":{"line":339,"column":4},"end":{"line":351,"column":7}},"180":{"start":{"line":353,"column":4},"end":{"line":365,"column":7}},"181":{"start":{"line":367,"column":4},"end":{"line":406,"column":5}},"182":{"start":{"line":367,"column":24},"end":{"line":367,"column":25}},"183":{"start":{"line":368,"column":24},"end":{"line":368,"column":25}},"184":{"start":{"line":369,"column":6},"end":{"line":371,"column":7}},"185":{"start":{"line":369,"column":19},"end":{"line":369,"column":20}},"186":{"start":{"line":370,"column":8},"end":{"line":370,"column":45}},"187":{"start":{"line":373,"column":25},"end":{"line":373,"column":84}},"188":{"start":{"line":375,"column":23},"end":{"line":375,"column":83}},"189":{"start":{"line":376,"column":23},"end":{"line":376,"column":58}},"190":{"start":{"line":377,"column":6},"end":{"line":391,"column":7}},"191":{"start":{"line":378,"column":8},"end":{"line":390,"column":11}},"192":{"start":{"line":393,"column":6},"end":{"line":405,"column":9}},"193":{"start":{"line":409,"column":2},"end":{"line":414,"column":4}},"194":{"start":{"line":427,"column":36},"end":{"line":468,"column":1}},"195":{"start":{"line":434,"column":38},"end":{"line":434,"column":49}},"196":{"start":{"line":437,"column":25},"end":{"line":437,"column":57}},"197":{"start":{"line":441,"column":2},"end":{"line":448,"column":3}},"198":{"start":{"line":442,"column":4},"end":{"line":442,"column":29}},"199":{"start":{"line":445,"column":4},"end":{"line":445,"column":85}},"200":{"start":{"line":447,"column":4},"end":{"line":447,"column":41}},"201":{"start":{"line":451,"column":22},"end":{"line":451,"column":88}},"202":{"start":{"line":454,"column":29},"end":{"line":454,"column":31}},"203":{"start":{"line":457,"column":2},"end":{"line":465,"column":3}},"204":{"start":{"line":457,"column":15},"end":{"line":457,"column":16}},"205":{"start":{"line":459,"column":17},"end":{"line":459,"column":106}},"206":{"start":{"line":462,"column":19},"end":{"line":462,"column":98}},"207":{"start":{"line":464,"column":4},"end":{"line":464,"column":25}},"208":{"start":{"line":467,"column":2},"end":{"line":467,"column":17}},"209":{"start":{"line":427,"column":13},"end":{"line":427,"column":36}},"210":{"start":{"line":471,"column":12},"end":{"line":471,"column":84}},"211":{"start":{"line":472,"column":12},"end":{"line":472,"column":30}},"212":{"start":{"line":474,"column":2},"end":{"line":474,"column":16}},"213":{"start":{"line":490,"column":17},"end":{"line":490,"column":37}},"214":{"start":{"line":492,"column":20},"end":{"line":492,"column":55}},"215":{"start":{"line":493,"column":21},"end":{"line":493,"column":52}},"216":{"start":{"line":494,"column":18},"end":{"line":494,"column":20}},"217":{"start":{"line":495,"column":16},"end":{"line":495,"column":20}},"218":{"start":{"line":496,"column":15},"end":{"line":496,"column":26}},"219":{"start":{"line":498,"column":12},"end":{"line":498,"column":13}},"220":{"start":{"line":499,"column":2},"end":{"line":501,"column":3}},"221":{"start":{"line":499,"column":15},"end":{"line":499,"column":16}},"222":{"start":{"line":500,"column":4},"end":{"line":500,"column":28}},"223":{"start":{"line":502,"column":15},"end":{"line":502,"column":68}},"224":{"start":{"line":503,"column":20},"end":{"line":503,"column":65}},"225":{"start":{"line":505,"column":2},"end":{"line":518,"column":3}},"226":{"start":{"line":505,"column":15},"end":{"line":505,"column":16}},"227":{"start":{"line":506,"column":22},"end":{"line":506,"column":23}},"228":{"start":{"line":507,"column":4},"end":{"line":509,"column":5}},"229":{"start":{"line":507,"column":17},"end":{"line":507,"column":18}},"230":{"start":{"line":508,"column":6},"end":{"line":508,"column":36}},"231":{"start":{"line":510,"column":23},"end":{"line":510,"column":75}},"232":{"start":{"line":511,"column":21},"end":{"line":511,"column":74}},"233":{"start":{"line":512,"column":4},"end":{"line":517,"column":7}},"234":{"start":{"line":520,"column":2},"end":{"line":523,"column":4}},"235":{"start":{"line":526,"column":31},"end":{"line":547,"column":1}},"236":{"start":{"line":527,"column":18},"end":{"line":527,"column":20}},"237":{"start":{"line":528,"column":2},"end":{"line":544,"column":3}},"238":{"start":{"line":529,"column":4},"end":{"line":529,"column":35}},"239":{"start":{"line":530,"column":9},"end":{"line":544,"column":3}},"240":{"start":{"line":531,"column":4},"end":{"line":531,"column":35}},"241":{"start":{"line":532,"column":9},"end":{"line":544,"column":3}},"242":{"start":{"line":533,"column":4},"end":{"line":533,"column":35}},"243":{"start":{"line":534,"column":9},"end":{"line":544,"column":3}},"244":{"start":{"line":535,"column":4},"end":{"line":535,"column":35}},"245":{"start":{"line":536,"column":9},"end":{"line":544,"column":3}},"246":{"start":{"line":537,"column":4},"end":{"line":537,"column":36}},"247":{"start":{"line":538,"column":9},"end":{"line":544,"column":3}},"248":{"start":{"line":539,"column":4},"end":{"line":539,"column":36}},"249":{"start":{"line":540,"column":9},"end":{"line":544,"column":3}},"250":{"start":{"line":541,"column":4},"end":{"line":541,"column":36}},"251":{"start":{"line":543,"column":4},"end":{"line":543,"column":36}},"252":{"start":{"line":546,"column":2},"end":{"line":546,"column":19}},"253":{"start":{"line":526,"column":13},"end":{"line":526,"column":31}},"254":{"start":{"line":549,"column":21},"end":{"line":549,"column":88}},"255":{"start":{"line":549,"column":39},"end":{"line":549,"column":88}},"256":{"start":{"line":549,"column":13},"end":{"line":549,"column":21}},"257":{"start":{"line":551,"column":38},"end":{"line":619,"column":1}},"258":{"start":{"line":553,"column":24},"end":{"line":553,"column":69}},"259":{"start":{"line":556,"column":15},"end":{"line":556,"column":57}},"260":{"start":{"line":559,"column":20},"end":{"line":559,"column":47}},"261":{"start":{"line":562,"column":20},"end":{"line":562,"column":21}},"262":{"start":{"line":563,"column":21},"end":{"line":563,"column":23}},"263":{"start":{"line":564,"column":23},"end":{"line":564,"column":25}},"264":{"start":{"line":567,"column":2},"end":{"line":603,"column":3}},"265":{"start":{"line":570,"column":6},"end":{"line":570,"column":22}},"266":{"start":{"line":572,"column":6},"end":{"line":582,"column":10}},"267":{"start":{"line":572,"column":42},"end":{"line":582,"column":8}},"268":{"start":{"line":583,"column":6},"end":{"line":583,"column":12}},"269":{"start":{"line":588,"column":6},"end":{"line":588,"column":22}},"270":{"start":{"line":590,"column":6},"end":{"line":601,"column":9}},"271":{"start":{"line":602,"column":6},"end":{"line":602,"column":12}},"272":{"start":{"line":606,"column":2},"end":{"line":618,"column":4}},"273":{"start":{"line":551,"column":13},"end":{"line":551,"column":38}},"274":{"start":{"line":622,"column":13},"end":{"line":629,"column":2}},"275":{"start":{"line":631,"column":43},"end":{"line":659,"column":1}},"276":{"start":{"line":632,"column":20},"end":{"line":632,"column":47}},"277":{"start":{"line":634,"column":2},"end":{"line":658,"column":5}},"278":{"start":{"line":636,"column":26},"end":{"line":643,"column":6}},"279":{"start":{"line":646,"column":30},"end":{"line":646,"column":78}},"280":{"start":{"line":647,"column":25},"end":{"line":647,"column":57}},"281":{"start":{"line":650,"column":4},"end":{"line":656,"column":null}},"282":{"start":{"line":631,"column":13},"end":{"line":631,"column":43}}},"fnMap":{"0":{"name":"(anonymous_9)","decl":{"start":{"line":53,"column":0},"end":{"line":53,"column":12}},"loc":{"start":{"line":53,"column":27},"end":{"line":67,"column":1}}},"1":{"name":"(anonymous_10)","decl":{"start":{"line":70,"column":0},"end":{"line":70,"column":12}},"loc":{"start":{"line":70,"column":28},"end":{"line":87,"column":1}}},"2":{"name":"(anonymous_11)","decl":{"start":{"line":94,"column":0},"end":{"line":94,"column":12}},"loc":{"start":{"line":94,"column":28},"end":{"line":98,"column":1}}},"3":{"name":"(anonymous_12)","decl":{"start":{"line":147,"column":28},"end":{"line":147,"column":29}},"loc":{"start":{"line":147,"column":72},"end":{"line":150,"column":1}}},"4":{"name":"(anonymous_13)","decl":{"start":{"line":149,"column":43},"end":{"line":149,"column":44}},"loc":{"start":{"line":149,"column":53},"end":{"line":149,"column":84}}},"5":{"name":"(anonymous_14)","decl":{"start":{"line":173,"column":0},"end":{"line":173,"column":12}},"loc":{"start":{"line":173,"column":25},"end":{"line":182,"column":1}}},"6":{"name":"(anonymous_15)","decl":{"start":{"line":184,"column":0},"end":{"line":184,"column":12}},"loc":{"start":{"line":184,"column":24},"end":{"line":188,"column":1}}},"7":{"name":"(anonymous_16)","decl":{"start":{"line":190,"column":0},"end":{"line":190,"column":12}},"loc":{"start":{"line":190,"column":27},"end":{"line":194,"column":1}}},"8":{"name":"(anonymous_17)","decl":{"start":{"line":196,"column":0},"end":{"line":196,"column":12}},"loc":{"start":{"line":196,"column":28},"end":{"line":199,"column":1}}},"9":{"name":"(anonymous_18)","decl":{"start":{"line":204,"column":29},"end":{"line":204,"column":30}},"loc":{"start":{"line":204,"column":74},"end":{"line":235,"column":1}}},"10":{"name":"(anonymous_19)","decl":{"start":{"line":238,"column":39},"end":{"line":238,"column":40}},"loc":{"start":{"line":238,"column":88},"end":{"line":248,"column":1}}},"11":{"name":"getDistance","decl":{"start":{"line":251,"column":16},"end":{"line":251,"column":27}},"loc":{"start":{"line":251,"column":52},"end":{"line":254,"column":1}}},"12":{"name":"getRowCount","decl":{"start":{"line":257,"column":16},"end":{"line":257,"column":27}},"loc":{"start":{"line":257,"column":72},"end":{"line":263,"column":1}}},"13":{"name":"getColumnCount","decl":{"start":{"line":266,"column":16},"end":{"line":266,"column":30}},"loc":{"start":{"line":266,"column":69},"end":{"line":283,"column":1}}},"14":{"name":"getCellHeight","decl":{"start":{"line":286,"column":16},"end":{"line":286,"column":29}},"loc":{"start":{"line":286,"column":69},"end":{"line":290,"column":1}}},"15":{"name":"getCellWidth","decl":{"start":{"line":293,"column":16},"end":{"line":293,"column":28}},"loc":{"start":{"line":293,"column":68},"end":{"line":297,"column":1}}},"16":{"name":"getBottomHeight","decl":{"start":{"line":299,"column":16},"end":{"line":299,"column":31}},"loc":{"start":{"line":299,"column":50},"end":{"line":301,"column":1}}},"17":{"name":"getPartitonPlates","decl":{"start":{"line":303,"column":16},"end":{"line":303,"column":33}},"loc":{"start":{"line":303,"column":197},"end":{"line":415,"column":1}}},"18":{"name":"(anonymous_27)","decl":{"start":{"line":427,"column":36},"end":{"line":427,"column":37}},"loc":{"start":{"line":433,"column":44},"end":{"line":468,"column":1}}},"19":{"name":"getRemainingColumns","decl":{"start":{"line":470,"column":16},"end":{"line":470,"column":35}},"loc":{"start":{"line":470,"column":58},"end":{"line":475,"column":1}}},"20":{"name":"getIndividualColumn","decl":{"start":{"line":477,"column":16},"end":{"line":477,"column":35}},"loc":{"start":{"line":489,"column":1},"end":{"line":524,"column":1}}},"21":{"name":"(anonymous_30)","decl":{"start":{"line":526,"column":31},"end":{"line":526,"column":32}},"loc":{"start":{"line":526,"column":76},"end":{"line":547,"column":1}}},"22":{"name":"(anonymous_31)","decl":{"start":{"line":549,"column":21},"end":{"line":549,"column":22}},"loc":{"start":{"line":549,"column":39},"end":{"line":549,"column":88}}},"23":{"name":"(anonymous_32)","decl":{"start":{"line":551,"column":38},"end":{"line":551,"column":39}},"loc":{"start":{"line":551,"column":154},"end":{"line":619,"column":1}}},"24":{"name":"(anonymous_33)","decl":{"start":{"line":572,"column":25},"end":{"line":572,"column":26}},"loc":{"start":{"line":572,"column":42},"end":{"line":582,"column":8}}},"25":{"name":"(anonymous_34)","decl":{"start":{"line":631,"column":43},"end":{"line":631,"column":44}},"loc":{"start":{"line":631,"column":117},"end":{"line":659,"column":1}}},"26":{"name":"(anonymous_35)","decl":{"start":{"line":634,"column":21},"end":{"line":634,"column":27}},"loc":{"start":{"line":634,"column":30},"end":{"line":658,"column":3}}}},"branchMap":{"0":{"loc":{"start":{"line":53,"column":12},"end":{"line":53,"column":null}},"type":"binary-expr","locations":[{"start":{"line":53,"column":12},"end":{"line":53,"column":27}},{"start":{"line":53,"column":27},"end":{"line":53,"column":null}}]},"1":{"loc":{"start":{"line":70,"column":12},"end":{"line":70,"column":null}},"type":"binary-expr","locations":[{"start":{"line":70,"column":12},"end":{"line":70,"column":28}},{"start":{"line":70,"column":28},"end":{"line":70,"column":null}}]},"2":{"loc":{"start":{"line":94,"column":12},"end":{"line":94,"column":null}},"type":"binary-expr","locations":[{"start":{"line":94,"column":12},"end":{"line":94,"column":28}},{"start":{"line":94,"column":28},"end":{"line":94,"column":null}}]},"3":{"loc":{"start":{"line":173,"column":12},"end":{"line":173,"column":null}},"type":"binary-expr","locations":[{"start":{"line":173,"column":12},"end":{"line":173,"column":25}},{"start":{"line":173,"column":25},"end":{"line":173,"column":null}}]},"4":{"loc":{"start":{"line":184,"column":12},"end":{"line":184,"column":null}},"type":"binary-expr","locations":[{"start":{"line":184,"column":12},"end":{"line":184,"column":24}},{"start":{"line":184,"column":24},"end":{"line":184,"column":null}}]},"5":{"loc":{"start":{"line":190,"column":12},"end":{"line":190,"column":null}},"type":"binary-expr","locations":[{"start":{"line":190,"column":12},"end":{"line":190,"column":27}},{"start":{"line":190,"column":27},"end":{"line":190,"column":null}}]},"6":{"loc":{"start":{"line":196,"column":12},"end":{"line":196,"column":null}},"type":"binary-expr","locations":[{"start":{"line":196,"column":12},"end":{"line":196,"column":28}},{"start":{"line":196,"column":28},"end":{"line":196,"column":null}}]},"7":{"loc":{"start":{"line":207,"column":2},"end":{"line":233,"column":3}},"type":"switch","locations":[{"start":{"line":208,"column":4},"end":{"line":230,"column":12}},{"start":{"line":231,"column":4},"end":{"line":232,"column":12}}]},"8":{"loc":{"start":{"line":209,"column":6},"end":{"line":229,"column":7}},"type":"if","locations":[{"start":{"line":209,"column":6},"end":{"line":229,"column":7}},{"start":{"line":211,"column":13},"end":{"line":229,"column":7}}]},"9":{"loc":{"start":{"line":211,"column":13},"end":{"line":229,"column":7}},"type":"if","locations":[{"start":{"line":211,"column":13},"end":{"line":229,"column":7}},{"start":{"line":213,"column":13},"end":{"line":229,"column":7}}]},"10":{"loc":{"start":{"line":213,"column":13},"end":{"line":229,"column":7}},"type":"if","locations":[{"start":{"line":213,"column":13},"end":{"line":229,"column":7}},{"start":{"line":215,"column":13},"end":{"line":229,"column":7}}]},"11":{"loc":{"start":{"line":215,"column":13},"end":{"line":229,"column":7}},"type":"if","locations":[{"start":{"line":215,"column":13},"end":{"line":229,"column":7}},{"start":{"line":217,"column":13},"end":{"line":229,"column":7}}]},"12":{"loc":{"start":{"line":217,"column":13},"end":{"line":229,"column":7}},"type":"if","locations":[{"start":{"line":217,"column":13},"end":{"line":229,"column":7}},{"start":{"line":219,"column":13},"end":{"line":229,"column":7}}]},"13":{"loc":{"start":{"line":219,"column":13},"end":{"line":229,"column":7}},"type":"if","locations":[{"start":{"line":219,"column":13},"end":{"line":229,"column":7}},{"start":{"line":221,"column":13},"end":{"line":229,"column":7}}]},"14":{"loc":{"start":{"line":221,"column":13},"end":{"line":229,"column":7}},"type":"if","locations":[{"start":{"line":221,"column":13},"end":{"line":229,"column":7}},{"start":{"line":223,"column":13},"end":{"line":229,"column":7}}]},"15":{"loc":{"start":{"line":223,"column":13},"end":{"line":229,"column":7}},"type":"if","locations":[{"start":{"line":223,"column":13},"end":{"line":229,"column":7}},{"start":{"line":225,"column":13},"end":{"line":229,"column":7}}]},"16":{"loc":{"start":{"line":225,"column":13},"end":{"line":229,"column":7}},"type":"if","locations":[{"start":{"line":225,"column":13},"end":{"line":229,"column":7}},{"start":{"line":227,"column":13},"end":{"line":229,"column":7}}]},"17":{"loc":{"start":{"line":300,"column":9},"end":{"line":300,"column":57}},"type":"cond-expr","locations":[{"start":{"line":300,"column":40},"end":{"line":300,"column":44}},{"start":{"line":300,"column":47},"end":{"line":300,"column":57}}]},"18":{"loc":{"start":{"line":377,"column":6},"end":{"line":391,"column":7}},"type":"if","locations":[{"start":{"line":377,"column":6},"end":{"line":391,"column":7}}]},"19":{"loc":{"start":{"line":441,"column":2},"end":{"line":448,"column":3}},"type":"if","locations":[{"start":{"line":441,"column":2},"end":{"line":448,"column":3}},{"start":{"line":443,"column":9},"end":{"line":448,"column":3}}]},"20":{"loc":{"start":{"line":471,"column":12},"end":{"line":471,"column":84}},"type":"cond-expr","locations":[{"start":{"line":471,"column":39},"end":{"line":471,"column":57}},{"start":{"line":471,"column":60},"end":{"line":471,"column":84}}]},"21":{"loc":{"start":{"line":528,"column":2},"end":{"line":544,"column":3}},"type":"if","locations":[{"start":{"line":528,"column":2},"end":{"line":544,"column":3}},{"start":{"line":530,"column":9},"end":{"line":544,"column":3}}]},"22":{"loc":{"start":{"line":530,"column":9},"end":{"line":544,"column":3}},"type":"if","locations":[{"start":{"line":530,"column":9},"end":{"line":544,"column":3}},{"start":{"line":532,"column":9},"end":{"line":544,"column":3}}]},"23":{"loc":{"start":{"line":532,"column":9},"end":{"line":544,"column":3}},"type":"if","locations":[{"start":{"line":532,"column":9},"end":{"line":544,"column":3}},{"start":{"line":534,"column":9},"end":{"line":544,"column":3}}]},"24":{"loc":{"start":{"line":534,"column":9},"end":{"line":544,"column":3}},"type":"if","locations":[{"start":{"line":534,"column":9},"end":{"line":544,"column":3}},{"start":{"line":536,"column":9},"end":{"line":544,"column":3}}]},"25":{"loc":{"start":{"line":536,"column":9},"end":{"line":544,"column":3}},"type":"if","locations":[{"start":{"line":536,"column":9},"end":{"line":544,"column":3}},{"start":{"line":538,"column":9},"end":{"line":544,"column":3}}]},"26":{"loc":{"start":{"line":538,"column":9},"end":{"line":544,"column":3}},"type":"if","locations":[{"start":{"line":538,"column":9},"end":{"line":544,"column":3}},{"start":{"line":540,"column":9},"end":{"line":544,"column":3}}]},"27":{"loc":{"start":{"line":540,"column":9},"end":{"line":544,"column":3}},"type":"if","locations":[{"start":{"line":540,"column":9},"end":{"line":544,"column":3}},{"start":{"line":542,"column":9},"end":{"line":544,"column":3}}]},"28":{"loc":{"start":{"line":567,"column":2},"end":{"line":603,"column":3}},"type":"switch","locations":[{"start":{"line":568,"column":4},"end":{"line":583,"column":12}},{"start":{"line":585,"column":4},"end":{"line":585,"column":31}},{"start":{"line":586,"column":4},"end":{"line":602,"column":12}}]},"29":{"loc":{"start":{"line":617,"column":13},"end":{"line":617,"column":51}},"type":"cond-expr","locations":[{"start":{"line":617,"column":34},"end":{"line":617,"column":42}},{"start":{"line":617,"column":45},"end":{"line":617,"column":51}}]}},"s":{"0":3,"1":3,"2":3,"3":3,"4":3,"5":3,"6":3,"7":3,"8":3,"9":3,"10":3,"11":3,"12":3,"13":3,"14":3,"15":3,"16":3,"17":3,"18":3,"19":3,"20":3,"21":3,"22":3,"23":3,"24":3,"25":3,"26":3,"27":3,"28":3,"29":3,"30":3,"31":3,"32":3,"33":3,"34":3,"35":3,"36":3,"37":3,"38":3,"39":3,"40":3,"41":3,"42":3,"43":3,"44":3,"45":3,"46":3,"47":3,"48":3,"49":3,"50":3,"51":3,"52":3,"53":3,"54":3,"55":3,"56":3,"57":3,"58":3,"59":3,"60":3,"61":3,"62":3,"63":3,"64":3,"65":3,"66":3,"67":3,"68":3,"69":3,"70":3,"71":3,"72":3,"73":3,"74":24,"75":24,"76":156,"77":3,"78":3,"79":3,"80":3,"81":3,"82":3,"83":3,"84":3,"85":3,"86":3,"87":3,"88":3,"89":3,"90":3,"91":3,"92":3,"93":3,"94":3,"95":3,"96":3,"97":3,"98":3,"99":3,"100":3,"101":3,"102":3,"103":3,"104":3,"105":3,"106":3,"107":3,"108":3,"109":3,"110":3,"111":3,"112":3,"113":0,"114":0,"115":0,"116":0,"117":0,"118":0,"119":0,"120":0,"121":0,"122":0,"123":0,"124":0,"125":0,"126":0,"127":0,"128":0,"129":0,"130":0,"131":0,"132":0,"133":0,"134":0,"135":0,"136":0,"137":0,"138":3,"139":3,"140":0,"141":0,"142":0,"143":0,"144":0,"145":0,"146":3,"147":0,"148":0,"149":0,"150":0,"151":0,"152":0,"153":0,"154":0,"155":0,"156":0,"157":0,"158":0,"159":0,"160":0,"161":0,"162":0,"163":0,"164":0,"165":0,"166":0,"167":0,"168":0,"169":0,"170":0,"171":0,"172":0,"173":0,"174":0,"175":0,"176":0,"177":0,"178":0,"179":0,"180":0,"181":0,"182":0,"183":0,"184":0,"185":0,"186":0,"187":0,"188":0,"189":0,"190":0,"191":0,"192":0,"193":0,"194":3,"195":0,"196":0,"197":0,"198":0,"199":0,"200":0,"201":0,"202":0,"203":0,"204":0,"205":0,"206":0,"207":0,"208":0,"209":3,"210":0,"211":0,"212":0,"213":0,"214":0,"215":0,"216":0,"217":0,"218":0,"219":0,"220":0,"221":0,"222":0,"223":0,"224":0,"225":0,"226":0,"227":0,"228":0,"229":0,"230":0,"231":0,"232":0,"233":0,"234":0,"235":3,"236":0,"237":0,"238":0,"239":0,"240":0,"241":0,"242":0,"243":0,"244":0,"245":0,"246":0,"247":0,"248":0,"249":0,"250":0,"251":0,"252":0,"253":3,"254":3,"255":0,"256":3,"257":3,"258":0,"259":0,"260":0,"261":0,"262":0,"263":0,"264":0,"265":0,"266":0,"267":0,"268":0,"269":0,"270":0,"271":0,"272":0,"273":3,"274":3,"275":3,"276":0,"277":0,"278":0,"279":0,"280":0,"281":0,"282":3},"f":{"0":3,"1":3,"2":3,"3":24,"4":156,"5":3,"6":3,"7":3,"8":3,"9":0,"10":0,"11":0,"12":0,"13":0,"14":0,"15":0,"16":0,"17":0,"18":0,"19":0,"20":0,"21":0,"22":0,"23":0,"24":0,"25":0,"26":0},"b":{"0":[3,3],"1":[3,3],"2":[3,3],"3":[3,3],"4":[3,3],"5":[3,3],"6":[3,3],"7":[0,0],"8":[0,0],"9":[0,0],"10":[0,0],"11":[0,0],"12":[0,0],"13":[0,0],"14":[0,0],"15":[0,0],"16":[0,0],"17":[0,0],"18":[0],"19":[0,0],"20":[0,0],"21":[0,0],"22":[0,0],"23":[0,0],"24":[0,0],"25":[0,0],"26":[0,0],"27":[0,0],"28":[0,0,0],"29":[0,0]}}
}
