TN:
SF:src/3D/TVStand.ts
FN:10,(anonymous_0)
FN:12,(anonymous_1)
FN:20,(anonymous_2)
FNF:3
FNH:3
FNDA:3,(anonymous_0)
FNDA:3,(anonymous_1)
FNDA:3,(anonymous_2)
DA:1,1
DA:7,3
DA:8,3
DA:13,3
DA:14,3
DA:15,3
DA:17,3
DA:21,3
DA:25,1
LF:9
LH:9
BRDA:13,0,0,3
BRDA:13,0,1,0
BRDA:13,1,0,3
BRDA:13,1,1,3
BRDA:14,2,0,3
BRDA:14,2,1,0
BRDA:14,3,0,3
BRDA:14,3,1,3
BRDA:15,4,0,3
BRDA:15,4,1,0
BRDA:15,5,0,3
BRDA:15,5,1,3
BRF:12
BRH:9
end_of_record
TN:
SF:src/3D/Helpers/round.ts
FN:1,(anonymous_0)
FNF:1
FNH:1
FNDA:7,(anonymous_0)
DA:1,1
DA:2,7
LF:2
LH:2
BRDA:1,0,0,7
BRF:1
BRH:1
end_of_record
TN:
SF:src/3D/Styles/Gradient.ts
FN:19,(anonymous_0)
FN:27,(anonymous_1)
FN:70,(anonymous_2)
FNF:3
FNH:3
FNDA:3,(anonymous_0)
FNDA:3,(anonymous_1)
FNDA:7,(anonymous_2)
DA:1,1
DA:2,1
DA:3,1
DA:17,3
DA:20,3
DA:28,3
DA:30,3
DA:32,3
DA:33,3
DA:34,3
DA:35,3
DA:37,3
DA:39,3
DA:40,3
DA:41,3
DA:43,3
DA:44,7
DA:45,7
DA:47,7
DA:49,7
DA:51,7
DA:52,3
DA:54,4
DA:57,7
DA:58,3
DA:59,3
DA:60,3
DA:63,4
DA:64,4
DA:66,4
DA:71,7
DA:77,7
DA:81,1
LF:33
LH:33
BRDA:49,0,0,7
BRDA:49,0,1,7
BRDA:51,1,0,3
BRDA:51,1,1,4
BRDA:57,2,0,3
BRF:5
BRH:5
end_of_record
TN:
SF:src/3D/Styles/Grid.ts
FN:16,(anonymous_0)
FN:26,(anonymous_1)
FN:32,(anonymous_2)
FN:44,(anonymous_3)
FNF:4
FNH:1
FNDA:3,(anonymous_0)
FNDA:0,(anonymous_1)
FNDA:0,(anonymous_2)
FNDA:0,(anonymous_3)
DA:1,1
DA:2,1
DA:17,3
DA:19,3
DA:27,0
DA:29,0
DA:31,0
DA:32,0
DA:33,0
DA:35,0
DA:36,0
DA:40,0
DA:44,0
DA:45,0
DA:49,0
DA:53,1
LF:16
LH:5
BRDA:33,0,0,0
BRDA:35,1,0,0
BRDA:40,2,0,0
BRDA:40,2,1,0
BRF:4
BRH:0
end_of_record
TN:
SF:src/3D/Styles/Style.ts
FN:1,(anonymous_0)
FNF:1
FNH:1
FNDA:1,(anonymous_0)
DA:1,1
DA:2,1
DA:3,1
LF:3
LH:3
BRDA:1,0,0,1
BRDA:1,0,1,1
BRF:2
BRH:2
end_of_record
TN:
SF:src/utils/columnLayoutOptions.ts
FN:12,(anonymous_0)
FN:78,(anonymous_1)
FN:233,(anonymous_2)
FN:435,(anonymous_3)
FN:692,(anonymous_4)
FN:981,(anonymous_5)
FN:1317,(anonymous_6)
FN:1547,(anonymous_7)
FN:1777,(anonymous_8)
FNF:9
FNH:0
FNDA:0,(anonymous_0)
FNDA:0,(anonymous_1)
FNDA:0,(anonymous_2)
FNDA:0,(anonymous_3)
FNDA:0,(anonymous_4)
FNDA:0,(anonymous_5)
FNDA:0,(anonymous_6)
FNDA:0,(anonymous_7)
FNDA:0,(anonymous_8)
DA:2,1
DA:12,1
DA:13,0
DA:14,0
DA:78,1
DA:79,0
DA:80,0
DA:233,1
DA:234,0
DA:235,0
DA:435,1
DA:436,0
DA:437,0
DA:692,1
DA:693,0
DA:694,0
DA:981,1
DA:982,0
DA:984,0
DA:1317,1
DA:1318,0
DA:1319,0
DA:1547,1
DA:1548,0
DA:1549,0
DA:1777,1
DA:1792,0
DA:1793,0
DA:1795,0
DA:1797,0
DA:1798,0
DA:1799,0
DA:1800,0
DA:1801,0
DA:1802,0
DA:1803,0
DA:1804,0
DA:1806,0
DA:1807,0
DA:1808,0
DA:1809,0
DA:1810,0
DA:1811,0
DA:1812,0
DA:1813,0
DA:1814,0
DA:1815,0
DA:1816,0
DA:1817,0
DA:1818,0
DA:1819,0
DA:1821,0
DA:1823,0
LF:53
LH:10
BRDA:1806,0,0,0
BRDA:1806,0,1,0
BRDA:1808,1,0,0
BRDA:1808,1,1,0
BRDA:1810,2,0,0
BRDA:1810,2,1,0
BRDA:1812,3,0,0
BRDA:1812,3,1,0
BRDA:1814,4,0,0
BRDA:1814,4,1,0
BRDA:1816,5,0,0
BRDA:1816,5,1,0
BRDA:1818,6,0,0
BRDA:1818,6,1,0
BRF:14
BRH:0
end_of_record
TN:
SF:src/utils/utilities.ts
FN:53,(anonymous_9)
FN:70,(anonymous_10)
FN:94,(anonymous_11)
FN:147,(anonymous_12)
FN:149,(anonymous_13)
FN:173,(anonymous_14)
FN:184,(anonymous_15)
FN:190,(anonymous_16)
FN:196,(anonymous_17)
FN:204,(anonymous_18)
FN:238,(anonymous_19)
FN:251,getDistance
FN:257,getRowCount
FN:266,getColumnCount
FN:286,getCellHeight
FN:293,getCellWidth
FN:299,getBottomHeight
FN:303,getPartitonPlates
FN:427,(anonymous_27)
FN:470,getRemainingColumns
FN:477,getIndividualColumn
FN:526,(anonymous_30)
FN:549,(anonymous_31)
FN:551,(anonymous_32)
FN:572,(anonymous_33)
FN:631,(anonymous_34)
FN:634,(anonymous_35)
FNF:27
FNH:9
FNDA:1,(anonymous_9)
FNDA:1,(anonymous_10)
FNDA:1,(anonymous_11)
FNDA:8,(anonymous_12)
FNDA:52,(anonymous_13)
FNDA:1,(anonymous_14)
FNDA:1,(anonymous_15)
FNDA:1,(anonymous_16)
FNDA:1,(anonymous_17)
FNDA:0,(anonymous_18)
FNDA:0,(anonymous_19)
FNDA:0,getDistance
FNDA:0,getRowCount
FNDA:0,getColumnCount
FNDA:0,getCellHeight
FNDA:0,getCellWidth
FNDA:0,getBottomHeight
FNDA:0,getPartitonPlates
FNDA:0,(anonymous_27)
FNDA:0,getRemainingColumns
FNDA:0,getIndividualColumn
FNDA:0,(anonymous_30)
FNDA:0,(anonymous_31)
FNDA:0,(anonymous_32)
FNDA:0,(anonymous_33)
FNDA:0,(anonymous_34)
FNDA:0,(anonymous_35)
DA:2,1
DA:4,1
DA:8,1
DA:9,1
DA:15,1
DA:16,1
DA:17,1
DA:18,1
DA:21,1
DA:22,1
DA:23,1
DA:24,1
DA:27,1
DA:28,1
DA:29,1
DA:30,1
DA:31,1
DA:32,1
DA:34,1
DA:41,1
DA:42,1
DA:43,1
DA:44,1
DA:46,1
DA:53,1
DA:54,1
DA:56,1
DA:57,1
DA:58,1
DA:59,1
DA:60,1
DA:61,1
DA:62,1
DA:63,1
DA:64,1
DA:65,1
DA:66,1
DA:70,1
DA:71,1
DA:72,1
DA:73,1
DA:74,1
DA:75,1
DA:76,1
DA:77,1
DA:78,1
DA:79,1
DA:80,1
DA:81,1
DA:82,1
DA:83,1
DA:84,1
DA:85,1
DA:86,1
DA:90,1
DA:91,1
DA:92,1
DA:94,1
DA:95,1
DA:96,1
DA:97,1
DA:101,1
DA:103,1
DA:122,1
DA:147,1
DA:148,8
DA:149,52
DA:153,1
DA:154,1
DA:155,1
DA:156,1
DA:157,1
DA:158,1
DA:159,1
DA:160,1
DA:163,1
DA:165,1
DA:166,1
DA:167,1
DA:168,1
DA:169,1
DA:170,1
DA:173,1
DA:174,1
DA:175,1
DA:176,1
DA:177,1
DA:178,1
DA:179,1
DA:180,1
DA:181,1
DA:184,1
DA:185,1
DA:186,1
DA:187,1
DA:190,1
DA:191,1
DA:192,1
DA:193,1
DA:196,1
DA:197,1
DA:198,1
DA:204,1
DA:205,0
DA:206,0
DA:207,0
DA:209,0
DA:210,0
DA:211,0
DA:212,0
DA:213,0
DA:214,0
DA:215,0
DA:216,0
DA:217,0
DA:218,0
DA:219,0
DA:220,0
DA:221,0
DA:222,0
DA:223,0
DA:224,0
DA:225,0
DA:226,0
DA:228,0
DA:230,0
DA:232,0
DA:234,0
DA:238,1
DA:239,0
DA:240,0
DA:241,0
DA:242,0
DA:247,0
DA:251,1
DA:253,0
DA:257,1
DA:259,0
DA:262,0
DA:266,1
DA:268,0
DA:271,0
DA:274,0
DA:277,0
DA:279,0
DA:286,1
DA:288,0
DA:289,0
DA:293,1
DA:295,0
DA:296,0
DA:299,1
DA:300,0
DA:303,1
DA:304,0
DA:305,0
DA:306,0
DA:307,0
DA:309,0
DA:311,0
DA:313,0
DA:314,0
DA:316,0
DA:329,0
DA:330,0
DA:331,0
DA:332,0
DA:333,0
DA:334,0
DA:336,0
DA:337,0
DA:339,0
DA:353,0
DA:367,0
DA:368,0
DA:369,0
DA:370,0
DA:373,0
DA:375,0
DA:376,0
DA:377,0
DA:378,0
DA:393,0
DA:409,0
DA:427,1
DA:434,0
DA:437,0
DA:441,0
DA:442,0
DA:445,0
DA:447,0
DA:451,0
DA:454,0
DA:457,0
DA:459,0
DA:462,0
DA:464,0
DA:467,0
DA:470,1
DA:471,0
DA:472,0
DA:474,0
DA:477,1
DA:490,0
DA:492,0
DA:493,0
DA:494,0
DA:495,0
DA:496,0
DA:498,0
DA:499,0
DA:500,0
DA:502,0
DA:503,0
DA:505,0
DA:506,0
DA:507,0
DA:508,0
DA:510,0
DA:511,0
DA:512,0
DA:520,0
DA:526,1
DA:527,0
DA:528,0
DA:529,0
DA:530,0
DA:531,0
DA:532,0
DA:533,0
DA:534,0
DA:535,0
DA:536,0
DA:537,0
DA:538,0
DA:539,0
DA:540,0
DA:541,0
DA:543,0
DA:546,0
DA:549,1
DA:551,1
DA:553,0
DA:556,0
DA:559,0
DA:562,0
DA:563,0
DA:564,0
DA:567,0
DA:570,0
DA:572,0
DA:583,0
DA:588,0
DA:590,0
DA:602,0
DA:606,0
DA:622,1
DA:631,1
DA:632,0
DA:634,0
DA:636,0
DA:646,0
DA:647,0
DA:650,0
LF:264
LH:119
BRDA:53,0,0,1
BRDA:53,0,1,1
BRDA:70,1,0,1
BRDA:70,1,1,1
BRDA:94,2,0,1
BRDA:94,2,1,1
BRDA:173,3,0,1
BRDA:173,3,1,1
BRDA:184,4,0,1
BRDA:184,4,1,1
BRDA:190,5,0,1
BRDA:190,5,1,1
BRDA:196,6,0,1
BRDA:196,6,1,1
BRDA:207,7,0,0
BRDA:207,7,1,0
BRDA:209,8,0,0
BRDA:209,8,1,0
BRDA:211,9,0,0
BRDA:211,9,1,0
BRDA:213,10,0,0
BRDA:213,10,1,0
BRDA:215,11,0,0
BRDA:215,11,1,0
BRDA:217,12,0,0
BRDA:217,12,1,0
BRDA:219,13,0,0
BRDA:219,13,1,0
BRDA:221,14,0,0
BRDA:221,14,1,0
BRDA:223,15,0,0
BRDA:223,15,1,0
BRDA:225,16,0,0
BRDA:225,16,1,0
BRDA:300,17,0,0
BRDA:300,17,1,0
BRDA:377,18,0,0
BRDA:441,19,0,0
BRDA:441,19,1,0
BRDA:471,20,0,0
BRDA:471,20,1,0
BRDA:528,21,0,0
BRDA:528,21,1,0
BRDA:530,22,0,0
BRDA:530,22,1,0
BRDA:532,23,0,0
BRDA:532,23,1,0
BRDA:534,24,0,0
BRDA:534,24,1,0
BRDA:536,25,0,0
BRDA:536,25,1,0
BRDA:538,26,0,0
BRDA:538,26,1,0
BRDA:540,27,0,0
BRDA:540,27,1,0
BRDA:567,28,0,0
BRDA:567,28,1,0
BRDA:567,28,2,0
BRDA:617,29,0,0
BRDA:617,29,1,0
BRF:60
BRH:14
end_of_record
